2025-04-16 09:08:27.664 [main] INFO  com.rs.mv.mvvs.Startup - [LSP:100101]ROCKET MV BASIC EXTENSION to start
2025-04-16 09:08:27.701 [main] INFO  com.rs.mv.mvvs.lsp.server.BasicLanguageServerLauncher - [LSP:100102]start pip server
2025-04-16 09:08:27.845 [main] INFO  com.rs.mv.mvvs.lsp.server.BasicLanguageServerLauncher - [LSP:100103]ROCKET MV BASIC EXTENSION start successful
2025-04-16 09:08:27.949 [pool-3-thread-1] INFO  com.rs.mv.mvvs.instance.workspace.WorkspaceManager - [workspace:200101]load all workspace folders start
2025-04-16 09:08:27.949 [pool-3-thread-1] INFO  com.rs.mv.mvvs.instance.workspace.WorkspaceManager - [workspace:20010201]root uri: file:///c%3A/xampp/htdocs/Pengaduan-masyarakat-master
2025-04-16 09:08:27.950 [pool-3-thread-1] INFO  com.rs.mv.mvvs.instance.workspace.handler.FolderHandler - [workspace:200103]workspace contains workspace folder: file:///c%3A/xampp/htdocs/Pengaduan-masyarakat-master
2025-04-16 09:08:27.974 [pool-3-thread-1] INFO  com.rs.mv.mvvs.instance.workspace.handler.FolderHandler - [workspace:200104]workspace folder will be cached: file:///c%3A/xampp/htdocs/Pengaduan-masyarakat-master
2025-04-16 09:08:27.976 [pool-3-thread-1] INFO  com.rs.mv.mvvs.rmv.config.Config - [framework:30010101]config load start
2025-04-16 09:08:27.976 [pool-3-thread-1] INFO  com.rs.mv.mvvs.rmv.config.Config - [framework:30010102]project config path is : C:/xampp/htdocs/Pengaduan-masyarakat-master/.rmv/config
2025-04-16 09:08:27.976 [pool-3-thread-1] INFO  com.rs.mv.mvvs.rmv.config.Config - [framework:30010103]resource config path is : /
2025-04-16 09:08:27.976 [pool-3-thread-1] INFO  com.rs.mv.mvvs.rmv.config.Config - [framework:30010104]user config path is : C:/Users/HP
2025-04-16 09:08:27.992 [pool-3-thread-1] INFO  com.rs.mv.mvvs.rmv.config.Config - [framework:30010105]config load end
2025-04-16 09:08:27.996 [pool-3-thread-1] INFO  com.rs.mv.mvvs.rmv.documentation.BasicDocumentation - [framework:30020101]documentation load start
2025-04-16 09:08:27.996 [pool-3-thread-1] INFO  com.rs.mv.mvvs.rmv.documentation.reader.SystemDocReader - [framework:30020102]system documentation path: /documentation/UNIVERSE/
2025-04-16 09:08:27.999 [pool-3-thread-1] INFO  com.rs.mv.mvvs.rmv.documentation.reader.ProjectDocReader - [framework:30020103]project documentation brief file: C:\xampp\htdocs\Pengaduan-masyarakat-master\.rmv\documentation\UNIVERSE\custom.json
2025-04-16 09:08:27.999 [pool-3-thread-1] INFO  com.rs.mv.mvvs.rmv.documentation.reader.UserDocReader - [framework:30020104]user documentation brief file: C:\Users\HP\documentation\UNIVERSE\custom.json
2025-04-16 09:08:28.095 [pool-3-thread-1] INFO  com.rs.mv.mvvs.rmv.documentation.BasicDocumentation - [framework:30020105]documentation load end
2025-04-16 09:08:28.102 [pool-3-thread-1] INFO  com.rs.mv.mvvs.common.convertor.ConvertorManager - [framework:30030101]convertors for folder(C:/xampp/htdocs/Pengaduan-masyarakat-master) load start
2025-04-16 09:08:28.110 [pool-3-thread-1] INFO  com.rs.mv.mvvs.common.convertor.ConvertorManager - [framework:30030102]comment convertor load finish
2025-04-16 09:08:28.380 [pool-3-thread-1] INFO  com.rs.mv.mvvs.common.convertor.ConvertorManager - [framework:30030103]keyword convertor load finish
2025-04-16 09:08:28.385 [pool-3-thread-1] INFO  com.rs.mv.mvvs.common.convertor.ConvertorManager - [framework:30030104]operator convertor load finish
2025-04-16 09:08:28.387 [pool-3-thread-1] INFO  com.rs.mv.mvvs.common.convertor.ConvertorManager - [framework:30030105]function name convertor load finish
2025-04-16 09:08:28.387 [pool-3-thread-1] INFO  com.rs.mv.mvvs.common.convertor.ConvertorManager - [framework:30030106]atVariable convertor load finish
2025-04-16 09:08:28.387 [pool-3-thread-1] INFO  com.rs.mv.mvvs.common.convertor.ConvertorManager - [framework:30030107]convertors for folder(C:/xampp/htdocs/Pengaduan-masyarakat-master) load end
2025-04-16 09:08:28.389 [pool-3-thread-1] INFO  com.rs.mv.mvvs.rmv.config.CapabilityConfig - [framework:30010301]capabilities file(C:/xampp/htdocs/Pengaduan-masyarakat-master/config/capability) doesn't exist or read error, default config will take effect
2025-04-16 09:08:28.389 [pool-3-thread-1] INFO  com.rs.mv.mvvs.instance.workspace.WorkspaceManager - [workspace:200105]load all workspace folders successful
2025-04-16 09:08:28.391 [pool-3-thread-1] INFO  com.rs.mv.mvvs.client.account.AccountManager - [client:40010101]load account manager start
2025-04-16 09:08:28.409 [pool-3-thread-1] INFO  com.rs.mv.mvvs.client.account.handler.CacheAccountHandler - [client:40010102]load cache account: 
2025-04-16 09:08:28.413 [pool-3-thread-1] INFO  com.rs.mv.mvvs.client.account.handler.ExternalAccountHandler - [client:40010103]load external account: 
2025-04-16 09:08:28.735 [pool-3-thread-1] INFO  com.rs.mv.mvvs.client.catalog.manager.U2CatalogManager - [client:400203]cache file auto update thread launch in Pengaduan-masyarakat-master account
2025-04-16 09:08:28.745 [pool-3-thread-1] INFO  com.rs.mv.mvvs.client.catalog.from.config.DirsConfigReader - [client:400206]parse dir config information
2025-04-16 09:08:28.750 [pool-3-thread-1] INFO  com.rs.mv.mvvs.client.catalog.from.config.MappingConfigReader - [client:400207]parse mapping config information
2025-04-16 09:08:28.752 [pool-3-thread-1] INFO  com.rs.mv.mvvs.client.catalog.manager.U2CatalogManager - [client:400202]start a schedule task to get global/local catalog for Pengaduan-masyarakat-master, its period 5s 
2025-04-16 09:08:28.753 [pool-3-thread-1] INFO  com.rs.mv.mvvs.client.catalog.manager.U2CatalogManager - [client:400203]cache file auto update thread launch in assets account
2025-04-16 09:08:28.753 [pool-3-thread-1] INFO  com.rs.mv.mvvs.client.catalog.from.config.DirsConfigReader - [client:400206]parse dir config information
2025-04-16 09:08:28.755 [pool-3-thread-1] INFO  com.rs.mv.mvvs.client.catalog.from.config.MappingConfigReader - [client:400207]parse mapping config information
2025-04-16 09:08:28.755 [pool-3-thread-1] INFO  com.rs.mv.mvvs.client.catalog.manager.U2CatalogManager - [client:400202]start a schedule task to get global/local catalog for assets, its period 5s 
2025-04-16 09:08:28.755 [pool-3-thread-1] INFO  com.rs.mv.mvvs.client.catalog.manager.U2CatalogManager - [client:400203]cache file auto update thread launch in js account
2025-04-16 09:08:28.755 [pool-3-thread-1] INFO  com.rs.mv.mvvs.client.catalog.from.config.DirsConfigReader - [client:400206]parse dir config information
2025-04-16 09:08:28.757 [pool-3-thread-1] INFO  com.rs.mv.mvvs.client.catalog.from.config.MappingConfigReader - [client:400207]parse mapping config information
2025-04-16 09:08:28.757 [pool-3-thread-1] INFO  com.rs.mv.mvvs.client.catalog.manager.U2CatalogManager - [client:400202]start a schedule task to get global/local catalog for js, its period 5s 
2025-04-16 09:08:28.759 [pool-3-thread-1] INFO  com.rs.mv.mvvs.client.catalog.manager.U2CatalogManager - [client:400203]cache file auto update thread launch in scss account
2025-04-16 09:08:28.759 [pool-3-thread-1] INFO  com.rs.mv.mvvs.client.catalog.from.config.DirsConfigReader - [client:400206]parse dir config information
2025-04-16 09:08:28.759 [pool-3-thread-1] INFO  com.rs.mv.mvvs.client.catalog.from.config.MappingConfigReader - [client:400207]parse mapping config information
2025-04-16 09:08:28.759 [pool-3-thread-1] INFO  com.rs.mv.mvvs.client.catalog.manager.U2CatalogManager - [client:400202]start a schedule task to get global/local catalog for scss, its period 5s 
2025-04-16 09:08:28.761 [pool-3-thread-1] INFO  com.rs.mv.mvvs.client.catalog.manager.U2CatalogManager - [client:400203]cache file auto update thread launch in vendor account
2025-04-16 09:08:28.761 [pool-3-thread-1] INFO  com.rs.mv.mvvs.client.catalog.from.config.DirsConfigReader - [client:400206]parse dir config information
2025-04-16 09:08:28.762 [pool-3-thread-1] INFO  com.rs.mv.mvvs.client.catalog.from.config.MappingConfigReader - [client:400207]parse mapping config information
2025-04-16 09:08:28.762 [pool-3-thread-1] INFO  com.rs.mv.mvvs.client.catalog.manager.U2CatalogManager - [client:400202]start a schedule task to get global/local catalog for vendor, its period 5s 
2025-04-16 09:08:28.763 [pool-3-thread-1] INFO  com.rs.mv.mvvs.client.catalog.manager.U2CatalogManager - [client:400203]cache file auto update thread launch in bootstrap account
2025-04-16 09:08:28.764 [pool-3-thread-1] INFO  com.rs.mv.mvvs.client.catalog.from.config.DirsConfigReader - [client:400206]parse dir config information
2025-04-16 09:08:28.764 [pool-3-thread-1] INFO  com.rs.mv.mvvs.client.catalog.from.config.MappingConfigReader - [client:400207]parse mapping config information
2025-04-16 09:08:28.764 [pool-3-thread-1] INFO  com.rs.mv.mvvs.client.catalog.manager.U2CatalogManager - [client:400202]start a schedule task to get global/local catalog for bootstrap, its period 5s 
2025-04-16 09:08:28.766 [pool-3-thread-1] INFO  com.rs.mv.mvvs.client.catalog.manager.U2CatalogManager - [client:400203]cache file auto update thread launch in scss account
2025-04-16 09:08:28.766 [pool-3-thread-1] INFO  com.rs.mv.mvvs.client.catalog.from.config.DirsConfigReader - [client:400206]parse dir config information
2025-04-16 09:08:28.767 [pool-3-thread-1] INFO  com.rs.mv.mvvs.client.catalog.from.config.MappingConfigReader - [client:400207]parse mapping config information
2025-04-16 09:08:28.767 [pool-3-thread-1] INFO  com.rs.mv.mvvs.client.catalog.manager.U2CatalogManager - [client:400202]start a schedule task to get global/local catalog for scss, its period 5s 
2025-04-16 09:08:28.767 [pool-3-thread-1] INFO  com.rs.mv.mvvs.client.catalog.manager.U2CatalogManager - [client:400203]cache file auto update thread launch in fontawesome-free account
2025-04-16 09:08:28.768 [pool-3-thread-1] INFO  com.rs.mv.mvvs.client.catalog.from.config.DirsConfigReader - [client:400206]parse dir config information
2025-04-16 09:08:28.769 [pool-3-thread-1] INFO  com.rs.mv.mvvs.client.catalog.from.config.MappingConfigReader - [client:400207]parse mapping config information
2025-04-16 09:08:28.769 [pool-3-thread-1] INFO  com.rs.mv.mvvs.client.catalog.manager.U2CatalogManager - [client:400202]start a schedule task to get global/local catalog for fontawesome-free, its period 5s 
2025-04-16 09:08:28.769 [pool-3-thread-1] INFO  com.rs.mv.mvvs.client.catalog.manager.U2CatalogManager - [client:400203]cache file auto update thread launch in svgs account
2025-04-16 09:08:28.769 [pool-3-thread-1] INFO  com.rs.mv.mvvs.client.catalog.from.config.DirsConfigReader - [client:400206]parse dir config information
2025-04-16 09:08:28.771 [pool-3-thread-1] INFO  com.rs.mv.mvvs.client.catalog.from.config.MappingConfigReader - [client:400207]parse mapping config information
2025-04-16 09:08:28.771 [pool-3-thread-1] INFO  com.rs.mv.mvvs.client.catalog.manager.U2CatalogManager - [client:400202]start a schedule task to get global/local catalog for svgs, its period 5s 
2025-04-16 09:08:28.771 [pool-3-thread-1] INFO  com.rs.mv.mvvs.client.catalog.manager.U2CatalogManager - [client:400203]cache file auto update thread launch in src account
2025-04-16 09:08:28.771 [pool-3-thread-1] INFO  com.rs.mv.mvvs.client.catalog.from.config.DirsConfigReader - [client:400206]parse dir config information
2025-04-16 09:08:28.773 [pool-3-thread-1] INFO  com.rs.mv.mvvs.client.catalog.from.config.MappingConfigReader - [client:400207]parse mapping config information
2025-04-16 09:08:28.773 [pool-3-thread-1] INFO  com.rs.mv.mvvs.client.catalog.manager.U2CatalogManager - [client:400202]start a schedule task to get global/local catalog for src, its period 5s 
2025-04-16 09:08:28.775 [pool-3-thread-1] INFO  com.rs.mv.mvvs.client.account.handler.ServerAccountHandler - [client:40010104]load server account: Account{name=js, path=C:/xampp/htdocs/Pengaduan-masyarakat-master/assets/js, type=PREDICT}
Account{name=src, path=C:/xampp/htdocs/Pengaduan-masyarakat-master/src, type=PREDICT}
Account{name=assets, path=C:/xampp/htdocs/Pengaduan-masyarakat-master/assets, type=PREDICT}
Account{name=bootstrap, path=C:/xampp/htdocs/Pengaduan-masyarakat-master/assets/vendor/bootstrap, type=PREDICT}
Account{name=scss, path=C:/xampp/htdocs/Pengaduan-masyarakat-master/assets/vendor/bootstrap/scss, type=PREDICT}
Account{name=scss, path=C:/xampp/htdocs/Pengaduan-masyarakat-master/assets/scss, type=PREDICT}
Account{name=fontawesome-free, path=C:/xampp/htdocs/Pengaduan-masyarakat-master/assets/vendor/fontawesome-free, type=PREDICT}
Account{name=svgs, path=C:/xampp/htdocs/Pengaduan-masyarakat-master/assets/vendor/fontawesome-free/svgs, type=PREDICT}
Account{name=Pengaduan-masyarakat-master, path=C:/xampp/htdocs/Pengaduan-masyarakat-master, type=PREDICT}
Account{name=vendor, path=C:/xampp/htdocs/Pengaduan-masyarakat-master/assets/vendor, type=PREDICT}
2025-04-16 09:08:28.777 [pool-3-thread-1] INFO  com.rs.mv.mvvs.client.account.AccountManager - [client:40010105]load account manager finish
2025-04-16 09:08:28.777 [pool-3-thread-1] INFO  com.rs.mv.mvvs.instance.userspace.UserspaceManager - [framework:30010402]config file(C:\Users\HP/.rmv/config) watcher launch successful
2025-04-16 09:08:31.270 [pool-3-thread-1] INFO  com.rs.mv.mvvs.client.catalog.from.scan.CurrentPathScanner - [client:400205]scan file in current open file directory(C:/xampp/htdocs/Pengaduan-masyarakat-master/src/admin)
2025-04-16 09:08:38.327 [pool-3-thread-1] INFO  com.rs.mv.mvvs.client.catalog.from.scan.CurrentPathScanner - [client:400205]scan file in current open file directory(C:/xampp/htdocs/Pengaduan-masyarakat-master/public)
2025-04-16 09:08:44.951 [pool-3-thread-1] INFO  com.rs.mv.mvvs.client.catalog.from.scan.CurrentPathScanner - [client:400205]scan file in current open file directory(C:/xampp/htdocs/Pengaduan-masyarakat-master)
2025-04-16 09:08:56.484 [pool-3-thread-1] INFO  com.rs.mv.mvvs.client.catalog.from.scan.CurrentPathScanner - [client:400205]scan file in current open file directory(C:/xampp/htdocs/Pengaduan-masyarakat-master)
2025-04-16 09:09:08.030 [pool-3-thread-1] INFO  com.rs.mv.mvvs.client.catalog.from.scan.CurrentPathScanner - [client:400205]scan file in current open file directory(C:/xampp/htdocs/Pengaduan-masyarakat-master/src/admin)
2025-04-16 09:09:08.929 [pool-3-thread-1] INFO  com.rs.mv.mvvs.client.catalog.from.scan.CurrentPathScanner - [client:400205]scan file in current open file directory(C:/xampp/htdocs/Pengaduan-masyarakat-master/src/admin)
2025-04-16 09:09:15.040 [pool-3-thread-1] INFO  com.rs.mv.mvvs.client.catalog.from.scan.CurrentPathScanner - [client:400205]scan file in current open file directory(C:/xampp/htdocs/Pengaduan-masyarakat-master/src/admin)
2025-04-16 09:09:16.052 [pool-3-thread-1] INFO  com.rs.mv.mvvs.client.catalog.from.scan.CurrentPathScanner - [client:400205]scan file in current open file directory(C:/xampp/htdocs/Pengaduan-masyarakat-master/src/admin)
2025-04-16 09:11:59.928 [pool-3-thread-1] INFO  com.rs.mv.mvvs.client.catalog.from.scan.CurrentPathScanner - [client:400205]scan file in current open file directory(C:/xampp/htdocs/Pengaduan-masyarakat-master/src/admin)
2025-04-16 09:12:04.711 [pool-3-thread-1] INFO  com.rs.mv.mvvs.client.catalog.from.scan.CurrentPathScanner - [client:400205]scan file in current open file directory(C:/xampp/htdocs/Pengaduan-masyarakat-master/src/petugas)
2025-04-16 09:17:35.022 [pool-3-thread-1] INFO  com.rs.mv.mvvs.client.catalog.from.scan.CurrentPathScanner - [client:400205]scan file in current open file directory(C:/xampp/htdocs/Pengaduan-masyarakat-master/src/layouts)
2025-04-16 09:19:21.522 [pool-3-thread-1] INFO  com.rs.mv.mvvs.client.catalog.from.scan.CurrentPathScanner - [client:400205]scan file in current open file directory(C:/xampp/htdocs/Pengaduan-masyarakat-master/src/petugas)
2025-04-16 09:19:27.913 [pool-3-thread-1] INFO  com.rs.mv.mvvs.client.catalog.from.scan.CurrentPathScanner - [client:400205]scan file in current open file directory(C:/xampp/htdocs/Pengaduan-masyarakat-master/src/layouts)
2025-04-16 09:21:20.983 [pool-3-thread-1] INFO  com.rs.mv.mvvs.client.catalog.from.scan.CurrentPathScanner - [client:400205]scan file in current open file directory(C:/xampp/htdocs/Pengaduan-masyarakat-master/src/layouts)
2025-04-16 09:22:43.759 [pool-3-thread-1] INFO  com.rs.mv.mvvs.client.catalog.from.scan.CurrentPathScanner - [client:400205]scan file in current open file directory(C:/xampp/htdocs/Pengaduan-masyarakat-master/src/petugas)
2025-04-16 09:24:32.538 [pool-3-thread-1] INFO  com.rs.mv.mvvs.client.catalog.from.scan.CurrentPathScanner - [client:400205]scan file in current open file directory(C:/xampp/htdocs/Pengaduan-masyarakat-master/src/layouts)
2025-04-16 09:24:39.978 [pool-3-thread-1] INFO  com.rs.mv.mvvs.client.catalog.from.scan.CurrentPathScanner - [client:400205]scan file in current open file directory(C:/xampp/htdocs/Pengaduan-masyarakat-master/src/petugas)
2025-04-16 09:24:44.081 [pool-3-thread-1] INFO  com.rs.mv.mvvs.client.catalog.from.scan.CurrentPathScanner - [client:400205]scan file in current open file directory(C:/xampp/htdocs/Pengaduan-masyarakat-master/src/petugas)
2025-04-16 09:24:46.687 [pool-3-thread-1] INFO  com.rs.mv.mvvs.client.catalog.from.scan.CurrentPathScanner - [client:400205]scan file in current open file directory(C:/xampp/htdocs/Pengaduan-masyarakat-master/src/layouts)
2025-04-16 09:24:51.276 [pool-3-thread-1] INFO  com.rs.mv.mvvs.client.catalog.from.scan.CurrentPathScanner - [client:400205]scan file in current open file directory(C:/xampp/htdocs/Pengaduan-masyarakat-master/src/petugas)
2025-04-16 09:24:54.013 [pool-3-thread-1] INFO  com.rs.mv.mvvs.client.catalog.from.scan.CurrentPathScanner - [client:400205]scan file in current open file directory(C:/xampp/htdocs/Pengaduan-masyarakat-master/src/layouts)
2025-04-16 09:27:34.899 [pool-3-thread-1] INFO  com.rs.mv.mvvs.client.catalog.from.scan.CurrentPathScanner - [client:400205]scan file in current open file directory(C:/xampp/htdocs/Pengaduan-masyarakat-master/src/layouts)
2025-04-16 09:27:46.150 [pool-3-thread-1] INFO  com.rs.mv.mvvs.client.catalog.from.scan.CurrentPathScanner - [client:400205]scan file in current open file directory(C:/xampp/htdocs/Pengaduan-masyarakat-master/src/layouts)
2025-04-16 09:28:12.497 [pool-3-thread-1] INFO  com.rs.mv.mvvs.client.catalog.from.scan.CurrentPathScanner - [client:400205]scan file in current open file directory(C:/xampp/htdocs/Pengaduan-masyarakat-master/src/layouts)
2025-04-16 09:48:07.298 [pool-3-thread-1] INFO  com.rs.mv.mvvs.client.catalog.from.scan.CurrentPathScanner - [client:400205]scan file in current open file directory(C:/xampp/htdocs/Pengaduan-masyarakat-master/src/layouts)
2025-04-16 09:48:36.243 [pool-3-thread-1] INFO  com.rs.mv.mvvs.client.catalog.from.scan.CurrentPathScanner - [client:400205]scan file in current open file directory(C:/xampp/htdocs/Pengaduan-masyarakat-master/src/petugas)
2025-04-16 09:51:24.657 [pool-3-thread-1] INFO  com.rs.mv.mvvs.client.catalog.from.scan.CurrentPathScanner - [client:400205]scan file in current open file directory(C:/xampp/htdocs/Pengaduan-masyarakat-master/src/layouts)
2025-04-16 09:51:32.054 [pool-3-thread-1] INFO  com.rs.mv.mvvs.client.catalog.from.scan.CurrentPathScanner - [client:400205]scan file in current open file directory(C:/xampp/htdocs/Pengaduan-masyarakat-master/src/layouts)
2025-04-16 09:51:43.178 [pool-3-thread-1] INFO  com.rs.mv.mvvs.client.catalog.from.scan.CurrentPathScanner - [client:400205]scan file in current open file directory(C:/xampp/htdocs/Pengaduan-masyarakat-master/src/layouts)
2025-04-16 11:57:41.408 [main] WARN  com.rs.mv.mvvs.Startup - [LSP:100104]ROCKET MV BASIC EXTENSION exited
2025-04-16 12:31:11.157 [main] INFO  com.rs.mv.mvvs.Startup - [LSP:100101]ROCKET MV BASIC EXTENSION to start
2025-04-16 12:31:11.183 [main] INFO  com.rs.mv.mvvs.lsp.server.BasicLanguageServerLauncher - [LSP:100102]start pip server
2025-04-16 12:31:11.292 [main] INFO  com.rs.mv.mvvs.lsp.server.BasicLanguageServerLauncher - [LSP:100103]ROCKET MV BASIC EXTENSION start successful
2025-04-16 12:31:11.375 [pool-3-thread-1] INFO  com.rs.mv.mvvs.instance.workspace.WorkspaceManager - [workspace:200101]load all workspace folders start
2025-04-16 12:31:11.375 [pool-3-thread-1] INFO  com.rs.mv.mvvs.instance.workspace.WorkspaceManager - [workspace:20010201]root uri: file:///c%3A/xampp/htdocs/Pengaduan-masyarakat-master
2025-04-16 12:31:11.382 [pool-3-thread-1] INFO  com.rs.mv.mvvs.instance.workspace.handler.FolderHandler - [workspace:200103]workspace contains workspace folder: file:///c%3A/xampp/htdocs/Pengaduan-masyarakat-master
2025-04-16 12:31:11.403 [pool-3-thread-1] INFO  com.rs.mv.mvvs.instance.workspace.handler.FolderHandler - [workspace:200104]workspace folder will be cached: file:///c%3A/xampp/htdocs/Pengaduan-masyarakat-master
2025-04-16 12:31:11.406 [pool-3-thread-1] INFO  com.rs.mv.mvvs.rmv.config.Config - [framework:30010101]config load start
2025-04-16 12:31:11.406 [pool-3-thread-1] INFO  com.rs.mv.mvvs.rmv.config.Config - [framework:30010102]project config path is : C:/xampp/htdocs/Pengaduan-masyarakat-master/.rmv/config
2025-04-16 12:31:11.406 [pool-3-thread-1] INFO  com.rs.mv.mvvs.rmv.config.Config - [framework:30010103]resource config path is : /
2025-04-16 12:31:11.406 [pool-3-thread-1] INFO  com.rs.mv.mvvs.rmv.config.Config - [framework:30010104]user config path is : C:/Users/HP
2025-04-16 12:31:11.417 [pool-3-thread-1] INFO  com.rs.mv.mvvs.rmv.config.Config - [framework:30010105]config load end
2025-04-16 12:31:11.421 [pool-3-thread-1] INFO  com.rs.mv.mvvs.rmv.documentation.BasicDocumentation - [framework:30020101]documentation load start
2025-04-16 12:31:11.424 [pool-3-thread-1] INFO  com.rs.mv.mvvs.rmv.documentation.reader.SystemDocReader - [framework:30020102]system documentation path: /documentation/UNIVERSE/
2025-04-16 12:31:11.428 [pool-3-thread-1] INFO  com.rs.mv.mvvs.rmv.documentation.reader.ProjectDocReader - [framework:30020103]project documentation brief file: C:\xampp\htdocs\Pengaduan-masyarakat-master\.rmv\documentation\UNIVERSE\custom.json
2025-04-16 12:31:11.430 [pool-3-thread-1] INFO  com.rs.mv.mvvs.rmv.documentation.reader.UserDocReader - [framework:30020104]user documentation brief file: C:\Users\HP\documentation\UNIVERSE\custom.json
2025-04-16 12:31:11.519 [pool-3-thread-1] INFO  com.rs.mv.mvvs.rmv.documentation.BasicDocumentation - [framework:30020105]documentation load end
2025-04-16 12:31:11.521 [pool-3-thread-1] INFO  com.rs.mv.mvvs.common.convertor.ConvertorManager - [framework:30030101]convertors for folder(C:/xampp/htdocs/Pengaduan-masyarakat-master) load start
2025-04-16 12:31:11.529 [pool-3-thread-1] INFO  com.rs.mv.mvvs.common.convertor.ConvertorManager - [framework:30030102]comment convertor load finish
2025-04-16 12:31:11.785 [pool-3-thread-1] INFO  com.rs.mv.mvvs.common.convertor.ConvertorManager - [framework:30030103]keyword convertor load finish
2025-04-16 12:31:11.792 [pool-3-thread-1] INFO  com.rs.mv.mvvs.common.convertor.ConvertorManager - [framework:30030104]operator convertor load finish
2025-04-16 12:31:11.792 [pool-3-thread-1] INFO  com.rs.mv.mvvs.common.convertor.ConvertorManager - [framework:30030105]function name convertor load finish
2025-04-16 12:31:11.792 [pool-3-thread-1] INFO  com.rs.mv.mvvs.common.convertor.ConvertorManager - [framework:30030106]atVariable convertor load finish
2025-04-16 12:31:11.792 [pool-3-thread-1] INFO  com.rs.mv.mvvs.common.convertor.ConvertorManager - [framework:30030107]convertors for folder(C:/xampp/htdocs/Pengaduan-masyarakat-master) load end
2025-04-16 12:31:11.792 [pool-3-thread-1] INFO  com.rs.mv.mvvs.rmv.config.CapabilityConfig - [framework:30010301]capabilities file(C:/xampp/htdocs/Pengaduan-masyarakat-master/config/capability) doesn't exist or read error, default config will take effect
2025-04-16 12:31:11.796 [pool-3-thread-1] INFO  com.rs.mv.mvvs.instance.workspace.WorkspaceManager - [workspace:200105]load all workspace folders successful
2025-04-16 12:31:11.798 [pool-3-thread-1] INFO  com.rs.mv.mvvs.client.account.AccountManager - [client:40010101]load account manager start
2025-04-16 12:31:11.815 [pool-3-thread-1] INFO  com.rs.mv.mvvs.client.account.handler.CacheAccountHandler - [client:40010102]load cache account: 
2025-04-16 12:31:11.820 [pool-3-thread-1] INFO  com.rs.mv.mvvs.client.account.handler.ExternalAccountHandler - [client:40010103]load external account: 
2025-04-16 12:31:12.097 [pool-3-thread-1] INFO  com.rs.mv.mvvs.client.catalog.manager.U2CatalogManager - [client:400203]cache file auto update thread launch in Pengaduan-masyarakat-master account
2025-04-16 12:31:12.105 [pool-3-thread-1] INFO  com.rs.mv.mvvs.client.catalog.from.config.DirsConfigReader - [client:400206]parse dir config information
2025-04-16 12:31:12.105 [pool-3-thread-1] INFO  com.rs.mv.mvvs.client.catalog.from.config.MappingConfigReader - [client:400207]parse mapping config information
2025-04-16 12:31:12.115 [pool-3-thread-1] INFO  com.rs.mv.mvvs.client.catalog.manager.U2CatalogManager - [client:400202]start a schedule task to get global/local catalog for Pengaduan-masyarakat-master, its period 5s 
2025-04-16 12:31:12.115 [pool-3-thread-1] INFO  com.rs.mv.mvvs.client.catalog.manager.U2CatalogManager - [client:400203]cache file auto update thread launch in assets account
2025-04-16 12:31:12.115 [pool-3-thread-1] INFO  com.rs.mv.mvvs.client.catalog.from.config.DirsConfigReader - [client:400206]parse dir config information
2025-04-16 12:31:12.115 [pool-3-thread-1] INFO  com.rs.mv.mvvs.client.catalog.from.config.MappingConfigReader - [client:400207]parse mapping config information
2025-04-16 12:31:12.115 [pool-3-thread-1] INFO  com.rs.mv.mvvs.client.catalog.manager.U2CatalogManager - [client:400202]start a schedule task to get global/local catalog for assets, its period 5s 
2025-04-16 12:31:12.117 [pool-3-thread-1] INFO  com.rs.mv.mvvs.client.catalog.manager.U2CatalogManager - [client:400203]cache file auto update thread launch in js account
2025-04-16 12:31:12.117 [pool-3-thread-1] INFO  com.rs.mv.mvvs.client.catalog.from.config.DirsConfigReader - [client:400206]parse dir config information
2025-04-16 12:31:12.117 [pool-3-thread-1] INFO  com.rs.mv.mvvs.client.catalog.from.config.MappingConfigReader - [client:400207]parse mapping config information
2025-04-16 12:31:12.117 [pool-3-thread-1] INFO  com.rs.mv.mvvs.client.catalog.manager.U2CatalogManager - [client:400202]start a schedule task to get global/local catalog for js, its period 5s 
2025-04-16 12:31:12.117 [pool-3-thread-1] INFO  com.rs.mv.mvvs.client.catalog.manager.U2CatalogManager - [client:400203]cache file auto update thread launch in scss account
2025-04-16 12:31:12.119 [pool-3-thread-1] INFO  com.rs.mv.mvvs.client.catalog.from.config.DirsConfigReader - [client:400206]parse dir config information
2025-04-16 12:31:12.119 [pool-3-thread-1] INFO  com.rs.mv.mvvs.client.catalog.from.config.MappingConfigReader - [client:400207]parse mapping config information
2025-04-16 12:31:12.119 [pool-3-thread-1] INFO  com.rs.mv.mvvs.client.catalog.manager.U2CatalogManager - [client:400202]start a schedule task to get global/local catalog for scss, its period 5s 
2025-04-16 12:31:12.119 [pool-3-thread-1] INFO  com.rs.mv.mvvs.client.catalog.manager.U2CatalogManager - [client:400203]cache file auto update thread launch in vendor account
2025-04-16 12:31:12.119 [pool-3-thread-1] INFO  com.rs.mv.mvvs.client.catalog.from.config.DirsConfigReader - [client:400206]parse dir config information
2025-04-16 12:31:12.121 [pool-3-thread-1] INFO  com.rs.mv.mvvs.client.catalog.from.config.MappingConfigReader - [client:400207]parse mapping config information
2025-04-16 12:31:12.121 [pool-3-thread-1] INFO  com.rs.mv.mvvs.client.catalog.manager.U2CatalogManager - [client:400202]start a schedule task to get global/local catalog for vendor, its period 5s 
2025-04-16 12:31:12.121 [pool-3-thread-1] INFO  com.rs.mv.mvvs.client.catalog.manager.U2CatalogManager - [client:400203]cache file auto update thread launch in bootstrap account
2025-04-16 12:31:12.121 [pool-3-thread-1] INFO  com.rs.mv.mvvs.client.catalog.from.config.DirsConfigReader - [client:400206]parse dir config information
2025-04-16 12:31:12.121 [pool-3-thread-1] INFO  com.rs.mv.mvvs.client.catalog.from.config.MappingConfigReader - [client:400207]parse mapping config information
2025-04-16 12:31:12.121 [pool-3-thread-1] INFO  com.rs.mv.mvvs.client.catalog.manager.U2CatalogManager - [client:400202]start a schedule task to get global/local catalog for bootstrap, its period 5s 
2025-04-16 12:31:12.121 [pool-3-thread-1] INFO  com.rs.mv.mvvs.client.catalog.manager.U2CatalogManager - [client:400203]cache file auto update thread launch in scss account
2025-04-16 12:31:12.121 [pool-3-thread-1] INFO  com.rs.mv.mvvs.client.catalog.from.config.DirsConfigReader - [client:400206]parse dir config information
2025-04-16 12:31:12.121 [pool-3-thread-1] INFO  com.rs.mv.mvvs.client.catalog.from.config.MappingConfigReader - [client:400207]parse mapping config information
2025-04-16 12:31:12.121 [pool-3-thread-1] INFO  com.rs.mv.mvvs.client.catalog.manager.U2CatalogManager - [client:400202]start a schedule task to get global/local catalog for scss, its period 5s 
2025-04-16 12:31:12.121 [pool-3-thread-1] INFO  com.rs.mv.mvvs.client.catalog.manager.U2CatalogManager - [client:400203]cache file auto update thread launch in fontawesome-free account
2025-04-16 12:31:12.121 [pool-3-thread-1] INFO  com.rs.mv.mvvs.client.catalog.from.config.DirsConfigReader - [client:400206]parse dir config information
2025-04-16 12:31:12.121 [pool-3-thread-1] INFO  com.rs.mv.mvvs.client.catalog.from.config.MappingConfigReader - [client:400207]parse mapping config information
2025-04-16 12:31:12.121 [pool-3-thread-1] INFO  com.rs.mv.mvvs.client.catalog.manager.U2CatalogManager - [client:400202]start a schedule task to get global/local catalog for fontawesome-free, its period 5s 
2025-04-16 12:31:12.121 [pool-3-thread-1] INFO  com.rs.mv.mvvs.client.catalog.manager.U2CatalogManager - [client:400203]cache file auto update thread launch in svgs account
2025-04-16 12:31:12.121 [pool-3-thread-1] INFO  com.rs.mv.mvvs.client.catalog.from.config.DirsConfigReader - [client:400206]parse dir config information
2025-04-16 12:31:12.121 [pool-3-thread-1] INFO  com.rs.mv.mvvs.client.catalog.from.config.MappingConfigReader - [client:400207]parse mapping config information
2025-04-16 12:31:12.121 [pool-3-thread-1] INFO  com.rs.mv.mvvs.client.catalog.manager.U2CatalogManager - [client:400202]start a schedule task to get global/local catalog for svgs, its period 5s 
2025-04-16 12:31:12.121 [pool-3-thread-1] INFO  com.rs.mv.mvvs.client.catalog.manager.U2CatalogManager - [client:400203]cache file auto update thread launch in src account
2025-04-16 12:31:12.121 [pool-3-thread-1] INFO  com.rs.mv.mvvs.client.catalog.from.config.DirsConfigReader - [client:400206]parse dir config information
2025-04-16 12:31:12.121 [pool-3-thread-1] INFO  com.rs.mv.mvvs.client.catalog.from.config.MappingConfigReader - [client:400207]parse mapping config information
2025-04-16 12:31:12.121 [pool-3-thread-1] INFO  com.rs.mv.mvvs.client.catalog.manager.U2CatalogManager - [client:400202]start a schedule task to get global/local catalog for src, its period 5s 
2025-04-16 12:31:12.121 [pool-3-thread-1] INFO  com.rs.mv.mvvs.client.account.handler.ServerAccountHandler - [client:40010104]load server account: Account{name=js, path=C:/xampp/htdocs/Pengaduan-masyarakat-master/assets/js, type=PREDICT}
Account{name=src, path=C:/xampp/htdocs/Pengaduan-masyarakat-master/src, type=PREDICT}
Account{name=assets, path=C:/xampp/htdocs/Pengaduan-masyarakat-master/assets, type=PREDICT}
Account{name=bootstrap, path=C:/xampp/htdocs/Pengaduan-masyarakat-master/assets/vendor/bootstrap, type=PREDICT}
Account{name=scss, path=C:/xampp/htdocs/Pengaduan-masyarakat-master/assets/vendor/bootstrap/scss, type=PREDICT}
Account{name=scss, path=C:/xampp/htdocs/Pengaduan-masyarakat-master/assets/scss, type=PREDICT}
Account{name=fontawesome-free, path=C:/xampp/htdocs/Pengaduan-masyarakat-master/assets/vendor/fontawesome-free, type=PREDICT}
Account{name=svgs, path=C:/xampp/htdocs/Pengaduan-masyarakat-master/assets/vendor/fontawesome-free/svgs, type=PREDICT}
Account{name=Pengaduan-masyarakat-master, path=C:/xampp/htdocs/Pengaduan-masyarakat-master, type=PREDICT}
Account{name=vendor, path=C:/xampp/htdocs/Pengaduan-masyarakat-master/assets/vendor, type=PREDICT}
2025-04-16 12:31:12.121 [pool-3-thread-1] INFO  com.rs.mv.mvvs.client.account.AccountManager - [client:40010105]load account manager finish
2025-04-16 12:31:12.121 [pool-3-thread-1] INFO  com.rs.mv.mvvs.instance.userspace.UserspaceManager - [framework:30010402]config file(C:\Users\HP/.rmv/config) watcher launch successful
2025-04-16 12:32:04.818 [pool-3-thread-1] INFO  com.rs.mv.mvvs.client.catalog.from.scan.CurrentPathScanner - [client:400205]scan file in current open file directory(C:/xampp/htdocs/Pengaduan-masyarakat-master/src/layouts)
2025-04-16 12:32:05.465 [pool-3-thread-1] INFO  com.rs.mv.mvvs.client.catalog.from.scan.CurrentPathScanner - [client:400205]scan file in current open file directory(C:/xampp/htdocs/Pengaduan-masyarakat-master/src/layouts)
2025-04-16 12:32:06.511 [pool-3-thread-1] INFO  com.rs.mv.mvvs.client.catalog.from.scan.CurrentPathScanner - [client:400205]scan file in current open file directory(C:/xampp/htdocs/Pengaduan-masyarakat-master/src/layouts)
2025-04-16 12:32:10.530 [pool-3-thread-1] INFO  com.rs.mv.mvvs.client.catalog.from.scan.CurrentPathScanner - [client:400205]scan file in current open file directory(C:/xampp/htdocs/Pengaduan-masyarakat-master)
2025-04-16 12:32:36.975 [pool-3-thread-1] INFO  com.rs.mv.mvvs.client.catalog.from.scan.CurrentPathScanner - [client:400205]scan file in current open file directory(C:/xampp/htdocs/Pengaduan-masyarakat-master)
2025-04-16 12:32:42.194 [pool-3-thread-1] INFO  com.rs.mv.mvvs.client.catalog.from.scan.CurrentPathScanner - [client:400205]scan file in current open file directory(C:/xampp/htdocs/Pengaduan-masyarakat-master)
2025-04-16 12:32:44.369 [pool-3-thread-1] INFO  com.rs.mv.mvvs.client.catalog.from.scan.CurrentPathScanner - [client:400205]scan file in current open file directory(C:/xampp/htdocs/Pengaduan-masyarakat-master)
2025-04-16 12:33:13.284 [pool-3-thread-1] INFO  com.rs.mv.mvvs.client.catalog.from.scan.CurrentPathScanner - [client:400205]scan file in current open file directory(C:/xampp/htdocs/Pengaduan-masyarakat-master/src/petugas)
2025-04-16 12:33:13.298 [pool-3-thread-1] INFO  com.rs.mv.mvvs.client.catalog.from.scan.CurrentPathScanner - [client:400205]scan file in current open file directory(C:/xampp/htdocs/Pengaduan-masyarakat-master/src/petugas)
2025-04-16 12:33:18.129 [pool-3-thread-1] INFO  com.rs.mv.mvvs.client.catalog.from.scan.CurrentPathScanner - [client:400205]scan file in current open file directory(C:/xampp/htdocs/Pengaduan-masyarakat-master/src/petugas)
2025-04-16 12:33:22.381 [pool-3-thread-1] INFO  com.rs.mv.mvvs.client.catalog.from.scan.CurrentPathScanner - [client:400205]scan file in current open file directory(C:/xampp/htdocs/Pengaduan-masyarakat-master/src/petugas)
2025-04-16 12:33:28.864 [pool-3-thread-1] INFO  com.rs.mv.mvvs.client.catalog.from.scan.CurrentPathScanner - [client:400205]scan file in current open file directory(C:/xampp/htdocs/Pengaduan-masyarakat-master/src/petugas)
2025-04-16 12:33:59.382 [pool-3-thread-1] INFO  com.rs.mv.mvvs.client.catalog.from.scan.CurrentPathScanner - [client:400205]scan file in current open file directory(C:/xampp/htdocs/Pengaduan-masyarakat-master/src/petugas)
2025-04-16 12:34:08.924 [pool-3-thread-1] INFO  com.rs.mv.mvvs.client.catalog.from.scan.CurrentPathScanner - [client:400205]scan file in current open file directory(C:/xampp/htdocs/Pengaduan-masyarakat-master/src/petugas)
2025-04-16 12:34:21.997 [pool-3-thread-1] INFO  com.rs.mv.mvvs.client.catalog.from.scan.CurrentPathScanner - [client:400205]scan file in current open file directory(C:/xampp/htdocs/Pengaduan-masyarakat-master/src/petugas)
2025-04-16 12:34:36.203 [pool-3-thread-1] INFO  com.rs.mv.mvvs.client.catalog.from.scan.CurrentPathScanner - [client:400205]scan file in current open file directory(C:/xampp/htdocs/Pengaduan-masyarakat-master/src/petugas)
2025-04-16 12:34:37.032 [pool-3-thread-1] INFO  com.rs.mv.mvvs.client.catalog.from.scan.CurrentPathScanner - [client:400205]scan file in current open file directory(C:/xampp/htdocs/Pengaduan-masyarakat-master/src/petugas)
2025-04-16 12:35:13.556 [pool-3-thread-1] INFO  com.rs.mv.mvvs.client.catalog.from.scan.CurrentPathScanner - [client:400205]scan file in current open file directory(C:/xampp/htdocs/Pengaduan-masyarakat-master/public)
2025-04-16 12:38:04.613 [pool-3-thread-1] INFO  com.rs.mv.mvvs.client.catalog.from.scan.CurrentPathScanner - [client:400205]scan file in current open file directory(C:/xampp/htdocs/Pengaduan-masyarakat-master/public)
2025-04-16 12:38:11.687 [pool-3-thread-1] INFO  com.rs.mv.mvvs.client.catalog.from.scan.CurrentPathScanner - [client:400205]scan file in current open file directory(C:/xampp/htdocs/Pengaduan-masyarakat-master/src/admin)
2025-04-16 12:38:25.386 [pool-3-thread-1] INFO  com.rs.mv.mvvs.client.catalog.from.scan.CurrentPathScanner - [client:400205]scan file in current open file directory(C:/xampp/htdocs/Pengaduan-masyarakat-master/src/admin)
2025-04-16 12:38:33.914 [pool-3-thread-1] INFO  com.rs.mv.mvvs.client.catalog.from.scan.CurrentPathScanner - [client:400205]scan file in current open file directory(C:/xampp/htdocs/Pengaduan-masyarakat-master/public)
2025-04-16 12:40:50.474 [pool-3-thread-1] INFO  com.rs.mv.mvvs.client.catalog.from.scan.CurrentPathScanner - [client:400205]scan file in current open file directory(C:/xampp/htdocs/Pengaduan-masyarakat-master)
2025-04-16 12:46:02.754 [pool-3-thread-1] INFO  com.rs.mv.mvvs.client.catalog.from.scan.CurrentPathScanner - [client:400205]scan file in current open file directory(C:/xampp/htdocs/Pengaduan-masyarakat-master/public)
2025-04-16 12:48:25.945 [pool-3-thread-1] INFO  com.rs.mv.mvvs.client.catalog.from.scan.CurrentPathScanner - [client:400205]scan file in current open file directory(C:/xampp/htdocs/Pengaduan-masyarakat-master/src/admin)
2025-04-16 12:48:36.584 [pool-3-thread-1] INFO  com.rs.mv.mvvs.client.catalog.from.scan.CurrentPathScanner - [client:400205]scan file in current open file directory(C:/xampp/htdocs/Pengaduan-masyarakat-master/src/user)
2025-04-16 12:54:16.968 [pool-3-thread-1] INFO  com.rs.mv.mvvs.client.catalog.from.scan.CurrentPathScanner - [client:400205]scan file in current open file directory(C:/xampp/htdocs/Pengaduan-masyarakat-master/src/admin)
2025-04-16 12:56:45.507 [pool-3-thread-1] INFO  com.rs.mv.mvvs.client.catalog.from.scan.CurrentPathScanner - [client:400205]scan file in current open file directory(C:/xampp/htdocs/Pengaduan-masyarakat-master/src/admin)
2025-04-16 12:56:57.771 [pool-3-thread-1] INFO  com.rs.mv.mvvs.client.catalog.from.scan.CurrentPathScanner - [client:400205]scan file in current open file directory(C:/xampp/htdocs/Pengaduan-masyarakat-master/src/admin)
2025-04-16 12:58:34.009 [pool-3-thread-1] INFO  com.rs.mv.mvvs.client.catalog.from.scan.CurrentPathScanner - [client:400205]scan file in current open file directory(C:/xampp/htdocs/Pengaduan-masyarakat-master/public)
